{"C:\\Users\\HP\\ismail\\career\\webdev\\namastejs-react\\foodapp\\sum.js": {"path":"C:\\Users\\HP\\ismail\\career\\webdev\\namastejs-react\\foodapp\\sum.js","statementMap":{"0":{"start":{"line":1,"column":12},"end":{"line":3,"column":1}},"1":{"start":{"line":2,"column":2},"end":{"line":2,"column":15}}},"fnMap":{"0":{"name":"(anonymous_0)","decl":{"start":{"line":1,"column":12},"end":{"line":1,"column":13}},"loc":{"start":{"line":1,"column":22},"end":{"line":3,"column":1}},"line":1}},"branchMap":{},"s":{"0":1,"1":1},"f":{"0":1},"b":{},"_coverageSchema":"1a1c01bbd47fc00a2c39e90264f33305004495a9","hash":"f6df02847a9f2b9b7c7c09c5d9f477ea39e9f384"}
,"C:\\Users\\HP\\ismail\\career\\webdev\\namastejs-react\\foodapp\\src\\components\\Contact\\Contact.jsx": {"path":"C:\\Users\\HP\\ismail\\career\\webdev\\namastejs-react\\foodapp\\src\\components\\Contact\\Contact.jsx","statementMap":{"0":{"start":{"line":4,"column":2},"end":{"line":8,"column":4}}},"fnMap":{"0":{"name":"Contact","decl":{"start":{"line":3,"column":24},"end":{"line":3,"column":31}},"loc":{"start":{"line":3,"column":34},"end":{"line":9,"column":1}},"line":3}},"branchMap":{},"s":{"0":1},"f":{"0":1},"b":{},"_coverageSchema":"1a1c01bbd47fc00a2c39e90264f33305004495a9","hash":"ad5cc9ad5904f830fe790eca31ceefa588466bc4"}
}
